This is pdfTeX, Version 3.1415926-2.5-1.40.14 (TeX Live 2013/Debian) (format=latex 2016.10.18)  10 JUN 2017 22:41
entering extended mode
 restricted \write18 enabled.
 %&-line parsing enabled.
**api.tex
(./api.tex
LaTeX2e <2011/06/27>
Babel <3.9h> and hyphenation patterns for 2 languages loaded.
(/usr/share/texlive/texmf-dist/tex/latex/base/article.cls
Document Class: article 2007/10/19 v1.4h Standard LaTeX document class
(/usr/share/texlive/texmf-dist/tex/latex/base/size10.clo
File: size10.clo 2007/10/19 v1.4h Standard LaTeX file (size option)
)
\c@part=\count79
\c@section=\count80
\c@subsection=\count81
\c@subsubsection=\count82
\c@paragraph=\count83
\c@subparagraph=\count84
\c@figure=\count85
\c@table=\count86
\abovecaptionskip=\skip41
\belowcaptionskip=\skip42
\bibindent=\dimen102
)
(/usr/share/texlive/texmf-dist/tex/latex/base/alltt.sty
Package: alltt 1997/06/16 v2.0g defines alltt environment
)
(/usr/share/texlive/texmf-dist/tex/latex/parskip/parskip.sty
Package: parskip 2001/04/09 non-zero parskip adjustments
)
(/usr/share/texlive/texmf-dist/tex/latex/fancyhdr/fancyhdr.sty
\fancy@headwidth=\skip43
\f@ncyO@elh=\skip44
\f@ncyO@erh=\skip45
\f@ncyO@olh=\skip46
\f@ncyO@orh=\skip47
\f@ncyO@elf=\skip48
\f@ncyO@erf=\skip49
\f@ncyO@olf=\skip50
\f@ncyO@orf=\skip51
)
(/usr/share/texlive/texmf-dist/tex/latex/boxedminipage/boxedminipage.sty)
(/usr/share/texlive/texmf-dist/tex/latex/base/makeidx.sty
Package: makeidx 2000/03/29 v1.0m Standard LaTeX package
)
(/usr/share/texlive/texmf-dist/tex/latex/multirow/multirow.sty
\bigstrutjot=\dimen103
)
(/usr/share/texlive/texmf-dist/tex/latex/tools/longtable.sty
Package: longtable 2004/02/01 v4.11 Multi-page Table package (DPC)
\LTleft=\skip52
\LTright=\skip53
\LTpre=\skip54
\LTpost=\skip55
\LTchunksize=\count87
\LTcapwidth=\dimen104
\LT@head=\box26
\LT@firsthead=\box27
\LT@foot=\box28
\LT@lastfoot=\box29
\LT@cols=\count88
\LT@rows=\count89
\c@LT@tables=\count90
\c@LT@chunks=\count91
\LT@p@ftn=\toks14
)
(/usr/share/texlive/texmf-dist/tex/latex/tocbibind/tocbibind.sty
Package: tocbibind 2010/10/13 v1.5k extra ToC listings
Package tocbibind Info: The document has section divisions on input line 50.


Package tocbibind Note: Using section or other style headings.

) (/usr/share/texlive/texmf-dist/tex/latex/amsfonts/amssymb.sty
Package: amssymb 2013/01/14 v3.01 AMS font symbols

(/usr/share/texlive/texmf-dist/tex/latex/amsfonts/amsfonts.sty
Package: amsfonts 2013/01/14 v3.01 Basic AMSFonts support
\@emptytoks=\toks15
\symAMSa=\mathgroup4
\symAMSb=\mathgroup5
LaTeX Font Info:    Overwriting math alphabet `\mathfrak' in version `bold'
(Font)                  U/euf/m/n --> U/euf/b/n on input line 106.
))
(/usr/share/texlive/texmf-dist/tex/latex/base/fontenc.sty
Package: fontenc 2005/09/27 v1.99g Standard LaTeX package

(/usr/share/texlive/texmf-dist/tex/latex/base/t1enc.def
File: t1enc.def 2005/09/27 v1.99g Standard LaTeX file
LaTeX Font Info:    Redeclaring font encoding T1 on input line 43.
))
(/usr/share/texmf/tex/latex/lm/lmodern.sty
Package: lmodern 2009/10/30 v1.6 Latin Modern Fonts
LaTeX Font Info:    Overwriting symbol font `operators' in version `normal'
(Font)                  OT1/cmr/m/n --> OT1/lmr/m/n on input line 22.
LaTeX Font Info:    Overwriting symbol font `letters' in version `normal'
(Font)                  OML/cmm/m/it --> OML/lmm/m/it on input line 23.
LaTeX Font Info:    Overwriting symbol font `symbols' in version `normal'
(Font)                  OMS/cmsy/m/n --> OMS/lmsy/m/n on input line 24.
LaTeX Font Info:    Overwriting symbol font `largesymbols' in version `normal'
(Font)                  OMX/cmex/m/n --> OMX/lmex/m/n on input line 25.
LaTeX Font Info:    Overwriting symbol font `operators' in version `bold'
(Font)                  OT1/cmr/bx/n --> OT1/lmr/bx/n on input line 26.
LaTeX Font Info:    Overwriting symbol font `letters' in version `bold'
(Font)                  OML/cmm/b/it --> OML/lmm/b/it on input line 27.
LaTeX Font Info:    Overwriting symbol font `symbols' in version `bold'
(Font)                  OMS/cmsy/b/n --> OMS/lmsy/b/n on input line 28.
LaTeX Font Info:    Overwriting symbol font `largesymbols' in version `bold'
(Font)                  OMX/cmex/m/n --> OMX/lmex/m/n on input line 29.
LaTeX Font Info:    Overwriting math alphabet `\mathbf' in version `normal'
(Font)                  OT1/cmr/bx/n --> OT1/lmr/bx/n on input line 31.
LaTeX Font Info:    Overwriting math alphabet `\mathsf' in version `normal'
(Font)                  OT1/cmss/m/n --> OT1/lmss/m/n on input line 32.
LaTeX Font Info:    Overwriting math alphabet `\mathit' in version `normal'
(Font)                  OT1/cmr/m/it --> OT1/lmr/m/it on input line 33.
LaTeX Font Info:    Overwriting math alphabet `\mathtt' in version `normal'
(Font)                  OT1/cmtt/m/n --> OT1/lmtt/m/n on input line 34.
LaTeX Font Info:    Overwriting math alphabet `\mathbf' in version `bold'
(Font)                  OT1/cmr/bx/n --> OT1/lmr/bx/n on input line 35.
LaTeX Font Info:    Overwriting math alphabet `\mathsf' in version `bold'
(Font)                  OT1/cmss/bx/n --> OT1/lmss/bx/n on input line 36.
LaTeX Font Info:    Overwriting math alphabet `\mathit' in version `bold'
(Font)                  OT1/cmr/bx/it --> OT1/lmr/bx/it on input line 37.
LaTeX Font Info:    Overwriting math alphabet `\mathtt' in version `bold'
(Font)                  OT1/cmtt/m/n --> OT1/lmtt/m/n on input line 38.
)
(/usr/share/texlive/texmf-dist/tex/latex/preprint/fullpage.sty
Package: fullpage 1999/02/23 1.1 (PWD)
\FP@margin=\skip56
)
(/usr/share/texlive/texmf-dist/tex/latex/graphics/color.sty
Package: color 2005/11/14 v1.0j Standard LaTeX Color (DPC)

(/usr/share/texlive/texmf-dist/tex/latex/latexconfig/color.cfg
File: color.cfg 2007/01/18 v1.5 color configuration of teTeX/TeXLive
)
Package color Info: Driver file: dvips.def on input line 130.

(/usr/share/texlive/texmf-dist/tex/latex/graphics/dvips.def
File: dvips.def 1999/02/16 v3.0i Driver-dependant file (DPC,SPQR)
)
(/usr/share/texlive/texmf-dist/tex/latex/graphics/dvipsnam.def
File: dvipsnam.def 1999/02/16 v3.0i Driver-dependant file (DPC,SPQR)
))
\BCL=\skip57
Package color Info: Redefining color py@inputcolour on input line 37.
\funcindent=\skip58
\funcwidth=\skip59
\varindent=\skip60
\varnamewidth=\skip61
\vardescrwidth=\skip62
\varwidth=\skip63

(/usr/share/texlive/texmf-dist/tex/latex/base/inputenc.sty
Package: inputenc 2008/03/30 v1.1d Input encoding file
\inpenc@prehook=\toks16
\inpenc@posthook=\toks17

(/usr/share/texlive/texmf-dist/tex/latex/base/utf8.def
File: utf8.def 2008/04/05 v1.1m UTF-8 support for inputenc
Now handling font encoding OML ...
... no UTF-8 mapping file for font encoding OML
Now handling font encoding T1 ...
... processing UTF-8 mapping file for font encoding T1

(/usr/share/texlive/texmf-dist/tex/latex/base/t1enc.dfu
File: t1enc.dfu 2008/04/05 v1.1m UTF-8 support for inputenc
   defining Unicode char U+00A1 (decimal 161)
   defining Unicode char U+00A3 (decimal 163)
   defining Unicode char U+00AB (decimal 171)
   defining Unicode char U+00BB (decimal 187)
   defining Unicode char U+00BF (decimal 191)
   defining Unicode char U+00C0 (decimal 192)
   defining Unicode char U+00C1 (decimal 193)
   defining Unicode char U+00C2 (decimal 194)
   defining Unicode char U+00C3 (decimal 195)
   defining Unicode char U+00C4 (decimal 196)
   defining Unicode char U+00C5 (decimal 197)
   defining Unicode char U+00C6 (decimal 198)
   defining Unicode char U+00C7 (decimal 199)
   defining Unicode char U+00C8 (decimal 200)
   defining Unicode char U+00C9 (decimal 201)
   defining Unicode char U+00CA (decimal 202)
   defining Unicode char U+00CB (decimal 203)
   defining Unicode char U+00CC (decimal 204)
   defining Unicode char U+00CD (decimal 205)
   defining Unicode char U+00CE (decimal 206)
   defining Unicode char U+00CF (decimal 207)
   defining Unicode char U+00D0 (decimal 208)
   defining Unicode char U+00D1 (decimal 209)
   defining Unicode char U+00D2 (decimal 210)
   defining Unicode char U+00D3 (decimal 211)
   defining Unicode char U+00D4 (decimal 212)
   defining Unicode char U+00D5 (decimal 213)
   defining Unicode char U+00D6 (decimal 214)
   defining Unicode char U+00D8 (decimal 216)
   defining Unicode char U+00D9 (decimal 217)
   defining Unicode char U+00DA (decimal 218)
   defining Unicode char U+00DB (decimal 219)
   defining Unicode char U+00DC (decimal 220)
   defining Unicode char U+00DD (decimal 221)
   defining Unicode char U+00DE (decimal 222)
   defining Unicode char U+00DF (decimal 223)
   defining Unicode char U+00E0 (decimal 224)
   defining Unicode char U+00E1 (decimal 225)
   defining Unicode char U+00E2 (decimal 226)
   defining Unicode char U+00E3 (decimal 227)
   defining Unicode char U+00E4 (decimal 228)
   defining Unicode char U+00E5 (decimal 229)
   defining Unicode char U+00E6 (decimal 230)
   defining Unicode char U+00E7 (decimal 231)
   defining Unicode char U+00E8 (decimal 232)
   defining Unicode char U+00E9 (decimal 233)
   defining Unicode char U+00EA (decimal 234)
   defining Unicode char U+00EB (decimal 235)
   defining Unicode char U+00EC (decimal 236)
   defining Unicode char U+00ED (decimal 237)
   defining Unicode char U+00EE (decimal 238)
   defining Unicode char U+00EF (decimal 239)
   defining Unicode char U+00F0 (decimal 240)
   defining Unicode char U+00F1 (decimal 241)
   defining Unicode char U+00F2 (decimal 242)
   defining Unicode char U+00F3 (decimal 243)
   defining Unicode char U+00F4 (decimal 244)
   defining Unicode char U+00F5 (decimal 245)
   defining Unicode char U+00F6 (decimal 246)
   defining Unicode char U+00F8 (decimal 248)
   defining Unicode char U+00F9 (decimal 249)
   defining Unicode char U+00FA (decimal 250)
   defining Unicode char U+00FB (decimal 251)
   defining Unicode char U+00FC (decimal 252)
   defining Unicode char U+00FD (decimal 253)
   defining Unicode char U+00FE (decimal 254)
   defining Unicode char U+00FF (decimal 255)
   defining Unicode char U+0102 (decimal 258)
   defining Unicode char U+0103 (decimal 259)
   defining Unicode char U+0104 (decimal 260)
   defining Unicode char U+0105 (decimal 261)
   defining Unicode char U+0106 (decimal 262)
   defining Unicode char U+0107 (decimal 263)
   defining Unicode char U+010C (decimal 268)
   defining Unicode char U+010D (decimal 269)
   defining Unicode char U+010E (decimal 270)
   defining Unicode char U+010F (decimal 271)
   defining Unicode char U+0110 (decimal 272)
   defining Unicode char U+0111 (decimal 273)
   defining Unicode char U+0118 (decimal 280)
   defining Unicode char U+0119 (decimal 281)
   defining Unicode char U+011A (decimal 282)
   defining Unicode char U+011B (decimal 283)
   defining Unicode char U+011E (decimal 286)
   defining Unicode char U+011F (decimal 287)
   defining Unicode char U+0130 (decimal 304)
   defining Unicode char U+0131 (decimal 305)
   defining Unicode char U+0132 (decimal 306)
   defining Unicode char U+0133 (decimal 307)
   defining Unicode char U+0139 (decimal 313)
   defining Unicode char U+013A (decimal 314)
   defining Unicode char U+013D (decimal 317)
   defining Unicode char U+013E (decimal 318)
   defining Unicode char U+0141 (decimal 321)
   defining Unicode char U+0142 (decimal 322)
   defining Unicode char U+0143 (decimal 323)
   defining Unicode char U+0144 (decimal 324)
   defining Unicode char U+0147 (decimal 327)
   defining Unicode char U+0148 (decimal 328)
   defining Unicode char U+014A (decimal 330)
   defining Unicode char U+014B (decimal 331)
   defining Unicode char U+0150 (decimal 336)
   defining Unicode char U+0151 (decimal 337)
   defining Unicode char U+0152 (decimal 338)
   defining Unicode char U+0153 (decimal 339)
   defining Unicode char U+0154 (decimal 340)
   defining Unicode char U+0155 (decimal 341)
   defining Unicode char U+0158 (decimal 344)
   defining Unicode char U+0159 (decimal 345)
   defining Unicode char U+015A (decimal 346)
   defining Unicode char U+015B (decimal 347)
   defining Unicode char U+015E (decimal 350)
   defining Unicode char U+015F (decimal 351)
   defining Unicode char U+0160 (decimal 352)
   defining Unicode char U+0161 (decimal 353)
   defining Unicode char U+0162 (decimal 354)
   defining Unicode char U+0163 (decimal 355)
   defining Unicode char U+0164 (decimal 356)
   defining Unicode char U+0165 (decimal 357)
   defining Unicode char U+016E (decimal 366)
   defining Unicode char U+016F (decimal 367)
   defining Unicode char U+0170 (decimal 368)
   defining Unicode char U+0171 (decimal 369)
   defining Unicode char U+0178 (decimal 376)
   defining Unicode char U+0179 (decimal 377)
   defining Unicode char U+017A (decimal 378)
   defining Unicode char U+017B (decimal 379)
   defining Unicode char U+017C (decimal 380)
   defining Unicode char U+017D (decimal 381)
   defining Unicode char U+017E (decimal 382)
   defining Unicode char U+200C (decimal 8204)
   defining Unicode char U+2013 (decimal 8211)
   defining Unicode char U+2014 (decimal 8212)
   defining Unicode char U+2018 (decimal 8216)
   defining Unicode char U+2019 (decimal 8217)
   defining Unicode char U+201A (decimal 8218)
   defining Unicode char U+201C (decimal 8220)
   defining Unicode char U+201D (decimal 8221)
   defining Unicode char U+201E (decimal 8222)
   defining Unicode char U+2030 (decimal 8240)
   defining Unicode char U+2031 (decimal 8241)
   defining Unicode char U+2039 (decimal 8249)
   defining Unicode char U+203A (decimal 8250)
   defining Unicode char U+2423 (decimal 9251)
)
Now handling font encoding OT1 ...
... processing UTF-8 mapping file for font encoding OT1

(/usr/share/texlive/texmf-dist/tex/latex/base/ot1enc.dfu
File: ot1enc.dfu 2008/04/05 v1.1m UTF-8 support for inputenc
   defining Unicode char U+00A1 (decimal 161)
   defining Unicode char U+00A3 (decimal 163)
   defining Unicode char U+00B8 (decimal 184)
   defining Unicode char U+00BF (decimal 191)
   defining Unicode char U+00C5 (decimal 197)
   defining Unicode char U+00C6 (decimal 198)
   defining Unicode char U+00D8 (decimal 216)
   defining Unicode char U+00DF (decimal 223)
   defining Unicode char U+00E6 (decimal 230)
   defining Unicode char U+00EC (decimal 236)
   defining Unicode char U+00ED (decimal 237)
   defining Unicode char U+00EE (decimal 238)
   defining Unicode char U+00EF (decimal 239)
   defining Unicode char U+00F8 (decimal 248)
   defining Unicode char U+0131 (decimal 305)
   defining Unicode char U+0141 (decimal 321)
   defining Unicode char U+0142 (decimal 322)
   defining Unicode char U+0152 (decimal 338)
   defining Unicode char U+0153 (decimal 339)
   defining Unicode char U+2013 (decimal 8211)
   defining Unicode char U+2014 (decimal 8212)
   defining Unicode char U+2018 (decimal 8216)
   defining Unicode char U+2019 (decimal 8217)
   defining Unicode char U+201C (decimal 8220)
   defining Unicode char U+201D (decimal 8221)
)
Now handling font encoding OMS ...
... processing UTF-8 mapping file for font encoding OMS

(/usr/share/texlive/texmf-dist/tex/latex/base/omsenc.dfu
File: omsenc.dfu 2008/04/05 v1.1m UTF-8 support for inputenc
   defining Unicode char U+00A7 (decimal 167)
   defining Unicode char U+00B6 (decimal 182)
   defining Unicode char U+00B7 (decimal 183)
   defining Unicode char U+2020 (decimal 8224)
   defining Unicode char U+2021 (decimal 8225)
   defining Unicode char U+2022 (decimal 8226)
)
Now handling font encoding OMX ...
... no UTF-8 mapping file for font encoding OMX
Now handling font encoding U ...
... no UTF-8 mapping file for font encoding U
   defining Unicode char U+00A9 (decimal 169)
   defining Unicode char U+00AA (decimal 170)
   defining Unicode char U+00AE (decimal 174)
   defining Unicode char U+00BA (decimal 186)
   defining Unicode char U+02C6 (decimal 710)
   defining Unicode char U+02DC (decimal 732)
   defining Unicode char U+200C (decimal 8204)
   defining Unicode char U+2026 (decimal 8230)
   defining Unicode char U+2122 (decimal 8482)
   defining Unicode char U+2423 (decimal 9251)
))
(/usr/share/texlive/texmf-dist/tex/latex/hyperref/hyperref.sty
Package: hyperref 2012/11/06 v6.83m Hypertext links for LaTeX

(/usr/share/texlive/texmf-dist/tex/generic/oberdiek/hobsub-hyperref.sty
Package: hobsub-hyperref 2012/05/28 v1.13 Bundle oberdiek, subset hyperref (HO)


(/usr/share/texlive/texmf-dist/tex/generic/oberdiek/hobsub-generic.sty
Package: hobsub-generic 2012/05/28 v1.13 Bundle oberdiek, subset generic (HO)
Package: hobsub 2012/05/28 v1.13 Construct package bundles (HO)
Package: infwarerr 2010/04/08 v1.3 Providing info/warning/error messages (HO)
Package: ltxcmds 2011/11/09 v1.22 LaTeX kernel commands for general use (HO)
Package: ifluatex 2010/03/01 v1.3 Provides the ifluatex switch (HO)
Package ifluatex Info: LuaTeX not detected.
Package: ifvtex 2010/03/01 v1.5 Detect VTeX and its facilities (HO)
Package ifvtex Info: VTeX not detected.
Package: intcalc 2007/09/27 v1.1 Expandable calculations with integers (HO)
Package: ifpdf 2011/01/30 v2.3 Provides the ifpdf switch (HO)
Package ifpdf Info: pdfTeX in PDF mode is not detected.
Package: etexcmds 2011/02/16 v1.5 Avoid name clashes with e-TeX commands (HO)
Package etexcmds Info: Could not find \expanded.
(etexcmds)             That can mean that you are not using pdfTeX 1.50 or
(etexcmds)             that some package has redefined \expanded.
(etexcmds)             In the latter case, load this package earlier.
Package: kvsetkeys 2012/04/25 v1.16 Key value parser (HO)
Package: kvdefinekeys 2011/04/07 v1.3 Define keys (HO)
Package: pdftexcmds 2011/11/29 v0.20 Utility functions of pdfTeX for LuaTeX (HO
)
Package pdftexcmds Info: LuaTeX not detected.
Package pdftexcmds Info: \pdf@primitive is available.
Package pdftexcmds Info: \pdf@ifprimitive is available.
Package pdftexcmds Info: \pdfdraftmode is ignored in DVI mode.
Package: pdfescape 2011/11/25 v1.13 Implements pdfTeX's escape features (HO)
Package: bigintcalc 2012/04/08 v1.3 Expandable calculations on big integers (HO
)
Package: bitset 2011/01/30 v1.1 Handle bit-vector datatype (HO)
Package: uniquecounter 2011/01/30 v1.2 Provide unlimited unique counter (HO)
)
Package hobsub Info: Skipping package `hobsub' (already loaded).
Package: letltxmacro 2010/09/02 v1.4 Let assignment for LaTeX macros (HO)
Package: hopatch 2012/05/28 v1.2 Wrapper for package hooks (HO)
Package: xcolor-patch 2011/01/30 xcolor patch
Package: atveryend 2011/06/30 v1.8 Hooks at the very end of document (HO)
Package atveryend Info: \enddocument detected (standard20110627).
Package: atbegshi 2011/10/05 v1.16 At begin shipout hook (HO)
Package: refcount 2011/10/16 v3.4 Data extraction from label references (HO)
Package: hycolor 2011/01/30 v1.7 Color options for hyperref/bookmark (HO)
)
(/usr/share/texlive/texmf-dist/tex/latex/graphics/keyval.sty
Package: keyval 1999/03/16 v1.13 key=value parser (DPC)
\KV@toks@=\toks18
)
(/usr/share/texlive/texmf-dist/tex/generic/ifxetex/ifxetex.sty
Package: ifxetex 2010/09/12 v0.6 Provides ifxetex conditional
)
(/usr/share/texlive/texmf-dist/tex/latex/oberdiek/auxhook.sty
Package: auxhook 2011/03/04 v1.3 Hooks for auxiliary files (HO)
)
(/usr/share/texlive/texmf-dist/tex/latex/oberdiek/kvoptions.sty
Package: kvoptions 2011/06/30 v3.11 Key value format for package options (HO)
)
\@linkdim=\dimen105
\Hy@linkcounter=\count92
\Hy@pagecounter=\count93

(/usr/share/texlive/texmf-dist/tex/latex/hyperref/pd1enc.def
File: pd1enc.def 2012/11/06 v6.83m Hyperref: PDFDocEncoding definition (HO)
Now handling font encoding PD1 ...
... no UTF-8 mapping file for font encoding PD1
)
\Hy@SavedSpaceFactor=\count94

(/usr/share/texlive/texmf-dist/tex/latex/latexconfig/hyperref.cfg
File: hyperref.cfg 2002/06/06 v1.2 hyperref configuration of TeXLive
)
Package hyperref Info: Option `bookmarks' set `true' on input line 4319.
Package hyperref Info: Option `bookmarksopen' set `false' on input line 4319.
Package hyperref Info: Option `colorlinks' set `true' on input line 4319.


Package hyperref Warning: Option `pagecolor' is not available anymore.

Package hyperref Info: Hyper figures OFF on input line 4443.
Package hyperref Info: Link nesting OFF on input line 4448.
Package hyperref Info: Hyper index ON on input line 4451.
Package hyperref Info: Plain pages OFF on input line 4458.
Package hyperref Info: Backreferencing ON on input line 4461.
Package hyperref Info: Implicit mode ON; LaTeX internals redefined.
Package hyperref Info: Bookmarks ON on input line 4688.
(/usr/share/texlive/texmf-dist/tex/latex/hyperref/backref.sty
Package: backref 2012/07/25 v1.38 Bibliographical back referencing

(/usr/share/texlive/texmf-dist/tex/latex/oberdiek/rerunfilecheck.sty
Package: rerunfilecheck 2011/04/15 v1.7 Rerun checks for auxiliary files (HO)
Package uniquecounter Info: New unique counter `rerunfilecheck' on input line 2
82.
))
\c@Hy@tempcnt=\count95

(/usr/share/texlive/texmf-dist/tex/latex/url/url.sty
\Urlmuskip=\muskip10
Package: url 2013/09/16  ver 3.4  Verb mode for urls, etc.
)
LaTeX Info: Redefining \url on input line 5041.
\XeTeXLinkMargin=\dimen106
\Fld@menulength=\count96
\Field@Width=\dimen107
\Fld@charsize=\dimen108
Package hyperref Info: Hyper figures OFF on input line 6295.
Package hyperref Info: Link nesting OFF on input line 6300.
Package hyperref Info: Hyper index ON on input line 6303.
Package hyperref Info: backreferencing ON on input line 6308.
Package hyperref Info: Link coloring ON on input line 6313.
Package hyperref Info: Link coloring with OCG OFF on input line 6320.
Package hyperref Info: PDF/A mode OFF on input line 6325.
LaTeX Info: Redefining \ref on input line 6365.
LaTeX Info: Redefining \pageref on input line 6369.
\Hy@abspage=\count97
\c@Item=\count98
\c@Hfootnote=\count99
)

Package hyperref Message: Driver: hdvips.

(/usr/share/texlive/texmf-dist/tex/latex/hyperref/hdvips.def
File: hdvips.def 2012/11/06 v6.83m Hyperref driver for dvips

(/usr/share/texlive/texmf-dist/tex/latex/hyperref/pdfmark.def
File: pdfmark.def 2012/11/06 v6.83m Hyperref definitions for pdfmark specials
\pdf@docset=\toks19
\pdf@box=\box30
\pdf@toks=\toks20
\pdf@defaulttoks=\toks21
\HyField@AnnotCount=\count100
\Fld@listcount=\count101
\c@bookmark@seq@number=\count102
\Hy@SectionHShift=\skip64
))
\@indexfile=\write3
\openout3 = `api.idx'.


Writing index file api.idx
(./api.aux (./alertaUsuario-module.aux) (./categoria-module.aux)
(./creaVentanas-module.aux) (./error-module.aux) (./finGrafo-module.aux)
(./funcionesTwitter-module.aux) (./grafo-module.aux) (./informacion-module.aux)
(./inicio-module.aux) (./manejoGrafo-module.aux))
\openout1 = `api.aux'.

LaTeX Font Info:    Checking defaults for OML/cmm/m/it on input line 82.
LaTeX Font Info:    ... okay on input line 82.
LaTeX Font Info:    Checking defaults for T1/cmr/m/n on input line 82.
LaTeX Font Info:    ... okay on input line 82.
LaTeX Font Info:    Checking defaults for OT1/cmr/m/n on input line 82.
LaTeX Font Info:    ... okay on input line 82.
LaTeX Font Info:    Checking defaults for OMS/cmsy/m/n on input line 82.
LaTeX Font Info:    ... okay on input line 82.
LaTeX Font Info:    Checking defaults for OMX/cmex/m/n on input line 82.
LaTeX Font Info:    ... okay on input line 82.
LaTeX Font Info:    Checking defaults for U/cmr/m/n on input line 82.
LaTeX Font Info:    ... okay on input line 82.
LaTeX Font Info:    Checking defaults for PD1/pdf/m/n on input line 82.
LaTeX Font Info:    ... okay on input line 82.
LaTeX Font Info:    Try loading font information for T1+lmr on input line 82.

(/usr/share/texmf/tex/latex/lm/t1lmr.fd
File: t1lmr.fd 2009/10/30 v1.6 Font defs for Latin Modern
)
\AtBeginShipoutBox=\box31
Package hyperref Info: Link coloring ON on input line 82.

(/usr/share/texlive/texmf-dist/tex/latex/hyperref/nameref.sty
Package: nameref 2012/10/27 v2.43 Cross-referencing by name of section

(/usr/share/texlive/texmf-dist/tex/generic/oberdiek/gettitlestring.sty
Package: gettitlestring 2010/12/03 v1.4 Cleanup title references (HO)
)
\c@section@level=\count103
)
LaTeX Info: Redefining \ref on input line 82.
LaTeX Info: Redefining \pageref on input line 82.
LaTeX Info: Redefining \nameref on input line 82.

(./api.out) (./api.out)
\@outlinefile=\write4
\openout4 = `api.out'.

LaTeX Font Info:    Try loading font information for OT1+lmr on input line 97.
 (/usr/share/texmf/tex/latex/lm/ot1lmr.fd
File: ot1lmr.fd 2009/10/30 v1.6 Font defs for Latin Modern
)
LaTeX Font Info:    Try loading font information for OML+lmm on input line 97.

(/usr/share/texmf/tex/latex/lm/omllmm.fd
File: omllmm.fd 2009/10/30 v1.6 Font defs for Latin Modern
)
LaTeX Font Info:    Try loading font information for OMS+lmsy on input line 97.


(/usr/share/texmf/tex/latex/lm/omslmsy.fd
File: omslmsy.fd 2009/10/30 v1.6 Font defs for Latin Modern
)
LaTeX Font Info:    Try loading font information for OMX+lmex on input line 97.


(/usr/share/texmf/tex/latex/lm/omxlmex.fd
File: omxlmex.fd 2009/10/30 v1.6 Font defs for Latin Modern
)
LaTeX Font Info:    External font `lmex10' loaded for size
(Font)              <12> on input line 97.
LaTeX Font Info:    External font `lmex10' loaded for size
(Font)              <8> on input line 97.
LaTeX Font Info:    External font `lmex10' loaded for size
(Font)              <6> on input line 97.
LaTeX Font Info:    Try loading font information for U+msa on input line 97.

(/usr/share/texlive/texmf-dist/tex/latex/amsfonts/umsa.fd
File: umsa.fd 2013/01/14 v3.01 AMS symbols A
)
LaTeX Font Info:    Try loading font information for U+msb on input line 97.

(/usr/share/texlive/texmf-dist/tex/latex/amsfonts/umsb.fd
File: umsb.fd 2013/01/14 v3.01 AMS symbols B
) (./api.toc
LaTeX Font Info:    External font `lmex10' loaded for size
(Font)              <10> on input line 3.
LaTeX Font Info:    External font `lmex10' loaded for size
(Font)              <7> on input line 3.
LaTeX Font Info:    External font `lmex10' loaded for size
(Font)              <5> on input line 3.
 [1

])
\tf@toc=\write5
\openout5 = `api.toc'.


[2]
\openout2 = `alertaUsuario-module.aux'.

 (./alertaUsuario-module.tex) [3

]
\openout2 = `categoria-module.aux'.

 (./categoria-module.tex
LaTeX Font Info:    Try loading font information for T1+lmtt on input line 81.

(/usr/share/texmf/tex/latex/lm/t1lmtt.fd
File: t1lmtt.fd 2009/10/30 v1.6 Font defs for Latin Modern
)) [4


]
\openout2 = `creaVentanas-module.aux'.

 (./creaVentanas-module.tex
[5


] [6]) [7]
\openout2 = `error-module.aux'.

 (./error-module.tex) [8


]
\openout2 = `finGrafo-module.aux'.

 (./finGrafo-module.tex) [9


]
\openout2 = `funcionesTwitter-module.aux'.


(./funcionesTwitter-module.tex
LaTeX Font Info:    Try loading font information for OMS+lmr on input line 110.

 (/usr/share/texmf/tex/latex/lm/omslmr.fd
File: omslmr.fd 2009/10/30 v1.6 Font defs for Latin Modern
)
LaTeX Font Info:    Font shape `OMS/lmr/m/n' in size <10> not available
(Font)              Font shape `OMS/lmsy/m/n' tried instead on input line 110.

[10


]
LaTeX Font Info:    Font shape `T1/lmtt/bx/n' in size <10> not available
(Font)              Font shape `T1/lmtt/b/n' tried instead on input line 225.
 [11] [12] [13] [14] [15] [16] [17]) [18]
\openout2 = `grafo-module.aux'.

 (./grafo-module.tex [19


] [20]
[21] [22]) [23] [24]
\openout2 = `informacion-module.aux'.

 (./informacion-module.tex [25


] [26]
Overfull \hbox (1.3264pt too wide) in paragraph at lines 386--387
[]\T1/lmr/m/n/12 __delattr__(), __for-mat__(), __getat-tribute__(), __hash__(),
 __init__(),
 []

) [27]
\openout2 = `inicio-module.aux'.

 (./inicio-module.tex) [28


]
\openout2 = `manejoGrafo-module.aux'.

 (./manejoGrafo-module.tex [29


]
Overfull \hbox (1.3264pt too wide) in paragraph at lines 314--315
[]\T1/lmr/m/n/12 __delattr__(), __for-mat__(), __getat-tribute__(), __hash__(),
 __init__(),
 []

[30]) [31] (./api.ind
Overfull \hbox (0.29794pt too wide) in paragraph at lines 6--8
[]| \T1/lmr/m/n/12 aler-taUsuario.AlertaUsuario.__init__
 []


Overfull \hbox (7.23996pt too wide) in paragraph at lines 13--15
[]| \T1/lmr/m/n/12 cat-e-go-ria.Categoria.__init__ \T1/lmr/m/it/12 (method)\T1/
lmr/m/n/12 ,
 []


Overfull \hbox (27.94106pt too wide) in paragraph at lines 20--22
[]| \T1/lmr/m/n/12 creaV-en-tanas.CreaVentanas.center \T1/lmr/m/it/12 (method)\
T1/lmr/m/n/12 ,
 []


Overfull \hbox (84.57872pt too wide) in paragraph at lines 22--24
[]| \T1/lmr/m/n/12 creaV-en-tanas.CreaVentanas.crearVentanaAlertaUsuario
 []


Overfull \hbox (62.3277pt too wide) in paragraph at lines 24--26
[]| \T1/lmr/m/n/12 creaV-en-tanas.CreaVentanas.crearVentanaCategoria
 []


Overfull \hbox (40.29463pt too wide) in paragraph at lines 26--28
[]| \T1/lmr/m/n/12 creaV-en-tanas.CreaVentanas.crearVentanaError
 []


Overfull \hbox (59.30565pt too wide) in paragraph at lines 28--30
[]| \T1/lmr/m/n/12 creaV-en-tanas.CreaVentanas.crearVentanaFinGrafo
 []


Overfull \hbox (74.0746pt too wide) in paragraph at lines 30--32
[]| \T1/lmr/m/n/12 creaV-en-tanas.CreaVentanas.crearVentanaInformacion
 []


Overfull \hbox (87.86258pt too wide) in paragraph at lines 32--34
[]| \T1/lmr/m/n/12 creaV-en-tanas.CreaVentanas.crearVentanaManejoGrafica
 []


Overfull \hbox (7.11736pt too wide) in paragraph at lines 49--51
[]| \T1/lmr/m/n/12 fun-cion-esT-wit-ter.FuncionesTwitter \T1/lmr/m/it/12 (class
)\T1/lmr/m/n/12 ,
 []


Overfull \hbox (57.03473pt too wide) in paragraph at lines 51--53
[]| \T1/lmr/m/n/12 fun-cion-esT-wit-ter.FuncionesTwitter.comienzoGrafo
 []


Overfull \hbox (133.2935pt too wide) in paragraph at lines 53--55
[]| \T1/lmr/m/n/12 fun-cion-esT-wit-ter.FuncionesTwitter.contadorTweetsPorCateg
orias
 []


Overfull \hbox (87.6615pt too wide) in paragraph at lines 55--57
[]| \T1/lmr/m/n/12 fun-cion-esT-wit-ter.FuncionesTwitter.escribirDatosUsuario
 []


Overfull \hbox (113.68016pt too wide) in paragraph at lines 57--59
[]| \T1/lmr/m/n/12 fun-cion-esT-wit-ter.FuncionesTwitter.escribirTweetsClasific
ados
 []


Overfull \hbox (30.41742pt too wide) in paragraph at lines 59--61
[]| \T1/lmr/m/n/12 fun-cion-esT-wit-ter.FuncionesTwitter.esPrivado
 []


Overfull \hbox (49.57372pt too wide) in paragraph at lines 61--63
[]| \T1/lmr/m/n/12 fun-cion-esT-wit-ter.FuncionesTwitter.existeUsuario
 []


Overfull \hbox (57.01941pt too wide) in paragraph at lines 63--65
[]| \T1/lmr/m/n/12 fun-cion-esT-wit-ter.FuncionesTwitter.leerContadores
 []


Overfull \hbox (81.88557pt too wide) in paragraph at lines 65--67
[]| \T1/lmr/m/n/12 fun-cion-esT-wit-ter.FuncionesTwitter.leerTweetsAnimales
 []


Overfull \hbox (74.31789pt too wide) in paragraph at lines 67--69
[]| \T1/lmr/m/n/12 fun-cion-esT-wit-ter.FuncionesTwitter.leerTweetsComida
 []


Overfull \hbox (61.42291pt too wide) in paragraph at lines 69--71
[]| \T1/lmr/m/n/12 fun-cion-esT-wit-ter.FuncionesTwitter.leerTweetsRopa
 []


Overfull \hbox (46.24792pt too wide) in paragraph at lines 71--73
[]| \T1/lmr/m/n/12 fun-cion-esT-wit-ter.FuncionesTwitter.leerTweetsSc
 []


Overfull \hbox (90.37541pt too wide) in paragraph at lines 73--75
[]| \T1/lmr/m/n/12 fun-cion-esT-wit-ter.FuncionesTwitter.leerTweetsTerrorismo
 []


Overfull \hbox (49.34785pt too wide) in paragraph at lines 75--77
[]| \T1/lmr/m/n/12 fun-cion-esT-wit-ter.FuncionesTwitter.obtenerDatos
 []


Overfull \hbox (124.73972pt too wide) in paragraph at lines 77--79
[]| \T1/lmr/m/n/12 fun-cion-esT-wit-ter.FuncionesTwitter.obtenerDiccionarioAnim
ales
 []


Overfull \hbox (117.17203pt too wide) in paragraph at lines 79--81
[]| \T1/lmr/m/n/12 fun-cion-esT-wit-ter.FuncionesTwitter.obtenerDiccionarioComi
da
 []


Overfull \hbox (104.27705pt too wide) in paragraph at lines 81--83
[]| \T1/lmr/m/n/12 fun-cion-esT-wit-ter.FuncionesTwitter.obtenerDiccionarioRopa

 []


Overfull \hbox (133.22955pt too wide) in paragraph at lines 83--85
[]| \T1/lmr/m/n/12 fun-cion-esT-wit-ter.FuncionesTwitter.obtenerDiccionarioTerr
orismo
 []


Overfull \hbox (102.12187pt too wide) in paragraph at lines 85--87
[]| \T1/lmr/m/n/12 fun-cion-esT-wit-ter.FuncionesTwitter.obtenerTweetsAnimales
 []


Overfull \hbox (94.55418pt too wide) in paragraph at lines 87--89
[]| \T1/lmr/m/n/12 fun-cion-esT-wit-ter.FuncionesTwitter.obtenerTweetsComida
 []


Overfull \hbox (81.65921pt too wide) in paragraph at lines 89--91
[]| \T1/lmr/m/n/12 fun-cion-esT-wit-ter.FuncionesTwitter.obtenerTweetsRopa
 []


Overfull \hbox (66.48422pt too wide) in paragraph at lines 91--93
[]| \T1/lmr/m/n/12 fun-cion-esT-wit-ter.FuncionesTwitter.obtenerTweetsSc
 []


Overfull \hbox (110.61171pt too wide) in paragraph at lines 93--95
[]| \T1/lmr/m/n/12 fun-cion-esT-wit-ter.FuncionesTwitter.obtenerTweetsTerrorism
o
 []


Overfull \hbox (94.28821pt too wide) in paragraph at lines 95--97
[]| \T1/lmr/m/n/12 fun-cion-esT-wit-ter.FuncionesTwitter.obtenerTweetsUsuario
 []


Overfull \hbox (77.9087pt too wide) in paragraph at lines 97--99
[]| \T1/lmr/m/n/12 fun-cion-esT-wit-ter.FuncionesTwitter.ordenarContadores
 []


Overfull \hbox (23.46754pt too wide) in paragraph at lines 99--101
[]| \T1/lmr/m/n/12 fun-cion-esT-wit-ter.FuncionesTwitter.seguidos
 []

[32


]
Overfull \hbox (69.97665pt too wide) in paragraph at lines 101--103
[]| \T1/lmr/m/n/12 fun-cion-esT-wit-ter.FuncionesTwitter.usuarioEstudiado
 []


Overfull \hbox (120.39696pt too wide) in paragraph at lines 103--105
[]| \T1/lmr/m/n/12 fun-cion-esT-wit-ter.FuncionesTwitter.usuarioEstudiadoNodoRa
iz
 []


Overfull \hbox (0.47934pt too wide) in paragraph at lines 112--114
[]| \T1/lmr/m/n/12 grafo.Grafo.colorearNodos \T1/lmr/m/it/12 (method)\T1/lmr/m/
n/12 , [][][][][][] 
 []


Overfull \hbox (0.31929pt too wide) in paragraph at lines 114--116
[]| \T1/lmr/m/n/12 grafo.Grafo.definirRowCount \T1/lmr/m/it/12 (method)\T1/lmr/
m/n/12 ,
 []


Overfull \hbox (4.0741pt too wide) in paragraph at lines 117--119
[]| \T1/lmr/m/n/12 grafo.Grafo.errorSinCategoria \T1/lmr/m/it/12 (method)\T1/lm
r/m/n/12 ,
 []


Overfull \hbox (34.18393pt too wide) in paragraph at lines 119--121
[]| \T1/lmr/m/n/12 grafo.Grafo.leerDocumentoAlgunasCategorias
 []


Overfull \hbox (23.41716pt too wide) in paragraph at lines 121--123
[]| \T1/lmr/m/n/12 grafo.Grafo.leerDocumentoTodasCategorias
 []


Overfull \hbox (1.71106pt too wide) in paragraph at lines 123--125
[]| \T1/lmr/m/n/12 grafo.Grafo.sacarSeguidosSegundoNivel
 []


Overfull \hbox (97.4689pt too wide) in paragraph at lines 125--127
[]| \T1/lmr/m/n/12 grafo.Grafo.sacarSeguidosSegundoNivelAlgunasCategorias
 []


Overfull \hbox (12.54169pt too wide) in paragraph at lines 137--139
[]| \T1/lmr/m/n/12 grafo.Grafo.setNumeroAlgunasCategorias
 []


Overfull \hbox (7.177pt too wide) in paragraph at lines 147--149
[]| \T1/lmr/m/n/12 in-for-ma-cion.Informacion.pulsarAnimales
 []


Overfull \hbox (51.38435pt too wide) in paragraph at lines 149--151
[]| \T1/lmr/m/n/12 in-for-ma-cion.Informacion.pulsarComida \T1/lmr/m/it/12 (met
hod)\T1/lmr/m/n/12 ,
 []


Overfull \hbox (38.48938pt too wide) in paragraph at lines 151--153
[]| \T1/lmr/m/n/12 in-for-ma-cion.Informacion.pulsarRopa \T1/lmr/m/it/12 (metho
d)\T1/lmr/m/n/12 ,
 []


Overfull \hbox (23.31439pt too wide) in paragraph at lines 153--155
[]| \T1/lmr/m/n/12 in-for-ma-cion.Informacion.pulsarSc \T1/lmr/m/it/12 (method)
\T1/lmr/m/n/12 ,
 []


Overfull \hbox (15.66684pt too wide) in paragraph at lines 155--157
[]| \T1/lmr/m/n/12 in-for-ma-cion.Informacion.pulsarTerrorismo
 []


Overfull \hbox (47.13539pt too wide) in paragraph at lines 157--159
[]| \T1/lmr/m/n/12 in-for-ma-cion.Informacion.retranslateUi \T1/lmr/m/it/12 (me
thod)\T1/lmr/m/n/12 ,
 []


Overfull \hbox (19.71942pt too wide) in paragraph at lines 159--161
[]| \T1/lmr/m/n/12 in-for-ma-cion.Informacion.setupUi \T1/lmr/m/it/12 (method)\
T1/lmr/m/n/12 ,
 []


Overfull \hbox (9.19138pt too wide) in paragraph at lines 163--165
[]| \T1/lmr/m/n/12 ini-cio.VentanaInicio.__init__ \T1/lmr/m/it/12 (method)\T1/l
mr/m/n/12 ,
 []


Overfull \hbox (27.28145pt too wide) in paragraph at lines 165--167
[]| \T1/lmr/m/n/12 ini-cio.VentanaInicio.borrarContenidoCuadro
 []


Overfull \hbox (1.96243pt too wide) in paragraph at lines 167--169
[]| \T1/lmr/m/n/12 ini-cio.VentanaInicio.center \T1/lmr/m/it/12 (method)\T1/lmr
/m/n/12 , [][][][][][] 
 []


Overfull \hbox (11.16766pt too wide) in paragraph at lines 169--171
[]| \T1/lmr/m/n/12 ini-cio.VentanaInicio.comprobar \T1/lmr/m/it/12 (method)\T1/
lmr/m/n/12 ,
 []


Overfull \hbox (72.38747pt too wide) in paragraph at lines 177--179
[]| \T1/lmr/m/n/12 mane-jo-Grafo.ManejoGrafo.bloquearBotonesTerminar
 []


Overfull \hbox (3.2888pt too wide) in paragraph at lines 179--181
[]| \T1/lmr/m/n/12 mane-jo-Grafo.ManejoGrafo.cambioNodo
 []


Overfull \hbox (46.25555pt too wide) in paragraph at lines 181--183
[]| \T1/lmr/m/n/12 mane-jo-Grafo.ManejoGrafo.comprobar \T1/lmr/m/it/12 (method)
\T1/lmr/m/n/12 ,
 []


Overfull \hbox (33.38013pt too wide) in paragraph at lines 183--185
[]| \T1/lmr/m/n/12 mane-jo-Grafo.ManejoGrafo.errorNoCategorias
 []


Overfull \hbox (18.8389pt too wide) in paragraph at lines 185--187
[]| \T1/lmr/m/n/12 mane-jo-Grafo.ManejoGrafo.inicio \T1/lmr/m/it/12 (method)\T1
/lmr/m/n/12 ,
 []


Overfull \hbox (18.8386pt too wide) in paragraph at lines 187--189
[]| \T1/lmr/m/n/12 mane-jo-Grafo.ManejoGrafo.parar \T1/lmr/m/it/12 (method)\T1/
lmr/m/n/12 ,
 []


Overfull \hbox (20.86258pt too wide) in paragraph at lines 189--191
[]| \T1/lmr/m/n/12 mane-jo-Grafo.ManejoGrafo.pausa \T1/lmr/m/it/12 (method)\T1/
lmr/m/n/12 ,
 []


Overfull \hbox (6.61685pt too wide) in paragraph at lines 191--193
[]| \T1/lmr/m/n/12 mane-jo-Grafo.ManejoGrafo.retranslateUi
 []


Overfull \hbox (13.02895pt too wide) in paragraph at lines 193--195
[]| \T1/lmr/m/n/12 mane-jo-Grafo.ManejoGrafo.salir \T1/lmr/m/it/12 (method)\T1/
lmr/m/n/12 ,
 []


Overfull \hbox (30.97592pt too wide) in paragraph at lines 195--197
[]| \T1/lmr/m/n/12 mane-jo-Grafo.ManejoGrafo.setupUi \T1/lmr/m/it/12 (method)\T
1/lmr/m/n/12 ,
 []

[33])
Package atveryend Info: Empty hook `BeforeClearDocument' on input line 132.
Package atveryend Info: Empty hook `AfterLastShipout' on input line 132.
 (./api.aux (./alertaUsuario-module.aux) (./categoria-module.aux)
(./creaVentanas-module.aux) (./error-module.aux) (./finGrafo-module.aux)
(./funcionesTwitter-module.aux) (./grafo-module.aux) (./informacion-module.aux)
(./inicio-module.aux) (./manejoGrafo-module.aux))
Package atveryend Info: Empty hook `AtVeryEndDocument' on input line 132.
Package atveryend Info: Executing hook `AtEndAfterFileList' on input line 132.
Package rerunfilecheck Info: File `api.out' has not changed.
(rerunfilecheck)             Checksum: 3F1A3C2A6975A3D26323C07F195B3A7E;2202.
Package atveryend Info: Empty hook `AtVeryVeryEnd' on input line 132.
 ) 
Here is how much of TeX's memory you used:
 6309 strings out of 495029
 94864 string characters out of 6181522
 179842 words of memory out of 5000000
 9330 multiletter control sequences out of 15000+600000
 73724 words of font info for 62 fonts, out of 8000000 for 9000
 14 hyphenation exceptions out of 8191
 32i,11n,43p,435b,435s stack positions out of 5000i,500n,10000p,200000b,80000s

Output written on api.dvi (33 pages, 149904 bytes).
