\BOOKMARK [1][-]{section*.1}{Contents}{}% 1
\BOOKMARK [1][-]{section.1}{Module alertaUsuario}{}% 2
\BOOKMARK [2][-]{subsection.1.1}{Class AlertaUsuario}{section.1}% 3
\BOOKMARK [3][-]{subsubsection.1.1.1}{Methods}{subsection.1.1}% 4
\BOOKMARK [1][-]{section.2}{Module categoria}{}% 5
\BOOKMARK [2][-]{subsection.2.1}{Class Categoria}{section.2}% 6
\BOOKMARK [3][-]{subsubsection.2.1.1}{Methods}{subsection.2.1}% 7
\BOOKMARK [1][-]{section.3}{Module creaVentanas}{}% 8
\BOOKMARK [2][-]{subsection.3.1}{Class CreaVentanas}{section.3}% 9
\BOOKMARK [3][-]{subsubsection.3.1.1}{Methods}{subsection.3.1}% 10
\BOOKMARK [1][-]{section.4}{Module error}{}% 11
\BOOKMARK [2][-]{subsection.4.1}{Class Error}{section.4}% 12
\BOOKMARK [3][-]{subsubsection.4.1.1}{Methods}{subsection.4.1}% 13
\BOOKMARK [1][-]{section.5}{Module finGrafo}{}% 14
\BOOKMARK [2][-]{subsection.5.1}{Class FinGrafo}{section.5}% 15
\BOOKMARK [3][-]{subsubsection.5.1.1}{Methods}{subsection.5.1}% 16
\BOOKMARK [1][-]{section.6}{Module funcionesTwitter}{}% 17
\BOOKMARK [2][-]{subsection.6.1}{Variables}{section.6}% 18
\BOOKMARK [2][-]{subsection.6.2}{Class FuncionesTwitter}{section.6}% 19
\BOOKMARK [3][-]{subsubsection.6.2.1}{Methods}{subsection.6.2}% 20
\BOOKMARK [1][-]{section.7}{Module grafo}{}% 21
\BOOKMARK [2][-]{subsection.7.1}{Variables}{section.7}% 22
\BOOKMARK [2][-]{subsection.7.2}{Class Grafo}{section.7}% 23
\BOOKMARK [3][-]{subsubsection.7.2.1}{Methods}{subsection.7.2}% 24
\BOOKMARK [1][-]{section.8}{Module informacion}{}% 25
\BOOKMARK [2][-]{subsection.8.1}{Class Informacion}{section.8}% 26
\BOOKMARK [3][-]{subsubsection.8.1.1}{Methods}{subsection.8.1}% 27
\BOOKMARK [3][-]{subsubsection.8.1.2}{Properties}{subsection.8.1}% 28
\BOOKMARK [1][-]{section.9}{Module inicio}{}% 29
\BOOKMARK [2][-]{subsection.9.1}{Class VentanaInicio}{section.9}% 30
\BOOKMARK [3][-]{subsubsection.9.1.1}{Methods}{subsection.9.1}% 31
\BOOKMARK [1][-]{section.10}{Module manejoGrafo}{}% 32
\BOOKMARK [2][-]{subsection.10.1}{Class ManejoGrafo}{section.10}% 33
\BOOKMARK [3][-]{subsubsection.10.1.1}{Methods}{subsection.10.1}% 34
\BOOKMARK [3][-]{subsubsection.10.1.2}{Properties}{subsection.10.1}% 35
\BOOKMARK [1][-]{section*.2}{Index}{}% 36
